#
#model:
#
#<?xml version="1.0" encoding="UTF-8" standalone="no"?><input id="posterior" spec="beast.core.util.CompoundDistribution">
#    <distribution id="prior" spec="beast.core.util.CompoundDistribution">
#        <distribution id="YuleModel.t:true_alignment" spec="beast.evolution.speciation.YuleModel">
#            <parameter id="birthRate.t:true_alignment" name="birthDiffRate" spec="beast.core.parameter.RealParameter">1.0</parameter>
#            <tree id="Tree.t:true_alignment" spec="beast.evolution.tree.Tree">
#                <taxonset id="TaxonSet.true_alignment" spec="beast.evolution.alignment.TaxonSet">
#                </taxonset>
#            </tree>
#        </distribution>
#        <prior id="YuleBirthRatePrior.t:true_alignment" name="distribution" x="@birthRate.t:true_alignment">
#            <Uniform id="Uniform.100" name="distr" upper="Infinity"/>
#        </prior>
#    </distribution>
#    <distribution id="likelihood" spec="beast.core.util.CompoundDistribution" useThreads="true">
#        <distribution data="@true_alignment" id="treeLikelihood.true_alignment" spec="beast.evolution.likelihood.ThreadedTreeLikelihood" tree="@Tree.t:true_alignment">
#            <siteModel id="SiteModel.s:true_alignment" spec="beast.evolution.sitemodel.SiteModel">
#                <parameter estimate="false" id="mutationRate.s:true_alignment" name="mutationRate" spec="beast.core.parameter.RealParameter">1.0</parameter>
#                <parameter estimate="false" id="gammaShape.s:true_alignment" name="shape" spec="beast.core.parameter.RealParameter">1.0</parameter>
#                <parameter estimate="false" id="proportionInvariant.s:true_alignment" lower="0.0" name="proportionInvariant" spec="beast.core.parameter.RealParameter" upper="1.0">0.0</parameter>
#                <substModel id="JC69.s:true_alignment" spec="beast.evolution.substitutionmodel.JukesCantor"/>
#            </siteModel>
#            <branchRateModel id="StrictClock.c:true_alignment" spec="beast.evolution.branchratemodel.StrictClockModel">
#                <parameter estimate="false" id="clockRate.c:true_alignment" name="clock.rate" spec="beast.core.parameter.RealParameter">1.0</parameter>
#            </branchRateModel>
#        </distribution>
#    </distribution>
#</input>
#
Sample	posterior	likelihood	prior	treeLikelihood	TreeHeight	YuleModel	birthRate
0	-8422.553963595663	-8414.759094717705	-7.794868877958134	-8414.759094717705	2.4493758557856564	-7.794868877958134	1.0
1000	-7250.432639733682	-7246.5235610170685	-3.9090787166130676	-7246.5235610170685	0.9262584226388074	-3.9090787166130676	2.1625635488566646
2000	-7251.969238722532	-7247.365216536981	-4.604022185550904	-7247.365216536981	0.951290143381348	-4.604022185550904	2.7667432863464088
3000	-7253.378665022634	-7247.49970039165	-5.8789646309838295	-7247.49970039165	0.9709263397602371	-5.8789646309838295	3.097474171708367
