#
#model:
#
#<?xml version="1.0" encoding="UTF-8" standalone="no"?><input id="posterior" spec="beast.core.util.CompoundDistribution">
#    <distribution id="prior" spec="beast.core.util.CompoundDistribution">
#        <distribution id="YuleModel.t:twin_alignment" spec="beast.evolution.speciation.YuleModel">
#            <parameter id="birthRate.t:twin_alignment" name="birthDiffRate" spec="beast.core.parameter.RealParameter">1.0</parameter>
#            <tree id="Tree.t:twin_alignment" spec="beast.evolution.tree.Tree">
#                <taxonset id="TaxonSet.twin_alignment" spec="beast.evolution.alignment.TaxonSet">
#                </taxonset>
#            </tree>
#        </distribution>
#        <prior id="YuleBirthRatePrior.t:twin_alignment" name="distribution" x="@birthRate.t:twin_alignment">
#            <Uniform id="Uniform.100" name="distr" upper="Infinity"/>
#        </prior>
#    </distribution>
#    <distribution id="likelihood" spec="beast.core.util.CompoundDistribution" useThreads="true">
#        <distribution data="@twin_alignment" id="treeLikelihood.twin_alignment" spec="beast.evolution.likelihood.ThreadedTreeLikelihood" tree="@Tree.t:twin_alignment">
#            <siteModel id="SiteModel.s:twin_alignment" spec="beast.evolution.sitemodel.SiteModel">
#                <parameter estimate="false" id="mutationRate.s:twin_alignment" name="mutationRate" spec="beast.core.parameter.RealParameter">1.0</parameter>
#                <parameter estimate="false" id="gammaShape.s:twin_alignment" name="shape" spec="beast.core.parameter.RealParameter">1.0</parameter>
#                <parameter estimate="false" id="proportionInvariant.s:twin_alignment" lower="0.0" name="proportionInvariant" spec="beast.core.parameter.RealParameter" upper="1.0">0.0</parameter>
#                <substModel id="JC69.s:twin_alignment" spec="beast.evolution.substitutionmodel.JukesCantor"/>
#            </siteModel>
#            <branchRateModel id="StrictClock.c:twin_alignment" spec="beast.evolution.branchratemodel.StrictClockModel">
#                <parameter estimate="false" id="clockRate.c:twin_alignment" name="clock.rate" spec="beast.core.parameter.RealParameter">1.0</parameter>
#            </branchRateModel>
#        </distribution>
#    </distribution>
#</input>
#
Sample	posterior	likelihood	prior	treeLikelihood	TreeHeight	YuleModel	birthRate
0	-9930.550973470876	-9925.839347033028	-4.711626437847129	-9925.839347033028	1.0955914202417096	-4.711626437847129	1.0
1000	-6520.476151660848	-6516.996502083161	-3.4796495776864083	-6516.996502083161	1.4073089188222816	-3.4796495776864083	2.328408987324327
2000	-6519.988320119837	-6517.850666337645	-2.1376537821925554	-6517.850666337645	1.093151379804168	-2.1376537821925554	2.1286639495737223
3000	-6520.70591474207	-6516.147321338517	-4.558593403552373	-6516.147321338517	1.1475702304806827	-4.558593403552373	4.144926791076313
