#
#model:
#
#<?xml version="1.0" encoding="UTF-8" standalone="no"?><input id="posterior" spec="beast.core.util.CompoundDistribution">
#    <distribution id="prior" spec="beast.core.util.CompoundDistribution">
#        <distribution id="YuleModel.t:true_alignment" spec="beast.evolution.speciation.YuleModel">
#            <parameter id="birthRate.t:true_alignment" name="birthDiffRate" spec="beast.core.parameter.RealParameter">1.0</parameter>
#            <tree id="Tree.t:true_alignment" spec="beast.evolution.tree.Tree">
#                <taxonset id="TaxonSet.true_alignment" spec="beast.evolution.alignment.TaxonSet">
#                </taxonset>
#            </tree>
#        </distribution>
#        <prior id="YuleBirthRatePrior.t:true_alignment" name="distribution" x="@birthRate.t:true_alignment">
#            <Uniform id="Uniform.100" name="distr" upper="Infinity"/>
#        </prior>
#    </distribution>
#    <distribution id="likelihood" spec="beast.core.util.CompoundDistribution" useThreads="true">
#        <distribution data="@true_alignment" id="treeLikelihood.true_alignment" spec="beast.evolution.likelihood.ThreadedTreeLikelihood" tree="@Tree.t:true_alignment">
#            <siteModel id="SiteModel.s:true_alignment" spec="beast.evolution.sitemodel.SiteModel">
#                <parameter estimate="false" id="mutationRate.s:true_alignment" name="mutationRate" spec="beast.core.parameter.RealParameter">1.0</parameter>
#                <parameter estimate="false" id="gammaShape.s:true_alignment" name="shape" spec="beast.core.parameter.RealParameter">1.0</parameter>
#                <parameter estimate="false" id="proportionInvariant.s:true_alignment" lower="0.0" name="proportionInvariant" spec="beast.core.parameter.RealParameter" upper="1.0">0.0</parameter>
#                <substModel id="JC69.s:true_alignment" spec="beast.evolution.substitutionmodel.JukesCantor"/>
#            </siteModel>
#            <branchRateModel id="StrictClock.c:true_alignment" spec="beast.evolution.branchratemodel.StrictClockModel">
#                <parameter estimate="false" id="clockRate.c:true_alignment" name="clock.rate" spec="beast.core.parameter.RealParameter">1.0</parameter>
#            </branchRateModel>
#        </distribution>
#    </distribution>
#</input>
#
Sample	posterior	likelihood	prior	treeLikelihood	TreeHeight	YuleModel	birthRate
0	-10499.297787309228	-10494.58616087138	-4.711626437847129	-10494.58616087138	1.0955914202417096	-4.711626437847129	1.0
1000	-7234.667753961374	-7231.308922866689	-3.3588310946848274	-7231.308922866689	1.0898329759942715	-3.3588310946848274	1.0550918574448618
2000	-7233.550826013147	-7230.574309498409	-2.976516514738334	-7230.574309498409	1.0886186588384206	-2.976516514738334	1.2506494078513446
3000	-7234.924563397345	-7231.46670262334	-3.4578607740051703	-7231.46670262334	1.0401470820173855	-3.4578607740051703	2.8719514171493534
