#
#model:
#
#<?xml version="1.0" encoding="UTF-8" standalone="no"?><input id="posterior" spec="beast.core.util.CompoundDistribution">
#    <distribution id="prior" spec="beast.core.util.CompoundDistribution">
#        <distribution id="YuleModel.t:true_alignment" spec="beast.evolution.speciation.YuleModel">
#            <parameter id="birthRate.t:true_alignment" name="birthDiffRate" spec="beast.core.parameter.RealParameter">1.0</parameter>
#            <tree id="Tree.t:true_alignment" spec="beast.evolution.tree.Tree">
#                <taxonset id="TaxonSet.true_alignment" spec="beast.evolution.alignment.TaxonSet">
#                </taxonset>
#            </tree>
#        </distribution>
#        <prior id="YuleBirthRatePrior.t:true_alignment" name="distribution" x="@birthRate.t:true_alignment">
#            <Uniform id="Uniform.100" name="distr" upper="Infinity"/>
#        </prior>
#    </distribution>
#    <distribution id="likelihood" spec="beast.core.util.CompoundDistribution" useThreads="true">
#        <distribution data="@true_alignment" id="treeLikelihood.true_alignment" spec="beast.evolution.likelihood.ThreadedTreeLikelihood" tree="@Tree.t:true_alignment">
#            <siteModel id="SiteModel.s:true_alignment" spec="beast.evolution.sitemodel.SiteModel">
#                <parameter estimate="false" id="mutationRate.s:true_alignment" name="mutationRate" spec="beast.core.parameter.RealParameter">1.0</parameter>
#                <parameter estimate="false" id="gammaShape.s:true_alignment" name="shape" spec="beast.core.parameter.RealParameter">1.0</parameter>
#                <parameter estimate="false" id="proportionInvariant.s:true_alignment" lower="0.0" name="proportionInvariant" spec="beast.core.parameter.RealParameter" upper="1.0">0.0</parameter>
#                <substModel id="JC69.s:true_alignment" spec="beast.evolution.substitutionmodel.JukesCantor"/>
#            </siteModel>
#            <branchRateModel id="StrictClock.c:true_alignment" spec="beast.evolution.branchratemodel.StrictClockModel">
#                <parameter estimate="false" id="clockRate.c:true_alignment" name="clock.rate" spec="beast.core.parameter.RealParameter">1.0</parameter>
#            </branchRateModel>
#        </distribution>
#    </distribution>
#</input>
#
Sample	posterior	likelihood	prior	treeLikelihood	TreeHeight	YuleModel	birthRate
0	-6523.670600204851	-6520.989850550799	-2.680749654052698	-6520.989850550799	0.6570303047992402	-2.680749654052698	1.0
1000	-5421.73731094789	-5418.429338042809	-3.3079729050816917	-5418.429338042809	0.9907102279397385	-3.3079729050816917	0.8093721824396212
2000	-5420.468875241028	-5417.053618291774	-3.415256949254793	-5417.053618291774	1.1365315005959968	-3.415256949254793	1.4783084941963136
3000	-5418.740081542706	-5415.47647530598	-3.2636062367261065	-5415.47647530598	1.0680264606044791	-3.2636062367261065	1.492166513555527
