#
#model:
#
#<?xml version="1.0" encoding="UTF-8" standalone="no"?><input id="posterior" spec="beast.core.util.CompoundDistribution">
#    <distribution id="prior" spec="beast.core.util.CompoundDistribution">
#        <distribution id="YuleModel.t:twin_alignment" spec="beast.evolution.speciation.YuleModel">
#            <parameter id="birthRate.t:twin_alignment" name="birthDiffRate" spec="beast.core.parameter.RealParameter">1.0</parameter>
#            <tree id="Tree.t:twin_alignment" spec="beast.evolution.tree.Tree">
#                <taxonset id="TaxonSet.twin_alignment" spec="beast.evolution.alignment.TaxonSet">
#                </taxonset>
#            </tree>
#        </distribution>
#        <prior id="YuleBirthRatePrior.t:twin_alignment" name="distribution" x="@birthRate.t:twin_alignment">
#            <Uniform id="Uniform.100" name="distr" upper="Infinity"/>
#        </prior>
#    </distribution>
#    <distribution id="likelihood" spec="beast.core.util.CompoundDistribution" useThreads="true">
#        <distribution data="@twin_alignment" id="treeLikelihood.twin_alignment" spec="beast.evolution.likelihood.ThreadedTreeLikelihood" tree="@Tree.t:twin_alignment">
#            <siteModel id="SiteModel.s:twin_alignment" spec="beast.evolution.sitemodel.SiteModel">
#                <parameter estimate="false" id="mutationRate.s:twin_alignment" name="mutationRate" spec="beast.core.parameter.RealParameter">1.0</parameter>
#                <parameter estimate="false" id="gammaShape.s:twin_alignment" name="shape" spec="beast.core.parameter.RealParameter">1.0</parameter>
#                <parameter estimate="false" id="proportionInvariant.s:twin_alignment" lower="0.0" name="proportionInvariant" spec="beast.core.parameter.RealParameter" upper="1.0">0.0</parameter>
#                <substModel id="JC69.s:twin_alignment" spec="beast.evolution.substitutionmodel.JukesCantor"/>
#            </siteModel>
#            <branchRateModel id="StrictClock.c:twin_alignment" spec="beast.evolution.branchratemodel.StrictClockModel">
#                <parameter estimate="false" id="clockRate.c:twin_alignment" name="clock.rate" spec="beast.core.parameter.RealParameter">1.0</parameter>
#            </branchRateModel>
#        </distribution>
#    </distribution>
#</input>
#
Sample	posterior	likelihood	prior	treeLikelihood	TreeHeight	YuleModel	birthRate
0	-6354.130086833048	-6351.449337178996	-2.680749654052698	-6351.449337178996	0.6570303047992402	-2.680749654052698	1.0
1000	-4976.529726946118	-4973.603376056648	-2.9263508894701	-4973.603376056648	0.9272132220465591	-2.9263508894701	0.7911394176194928
2000	-4976.357956611011	-4973.807289377391	-2.550667233620943	-4973.807289377391	1.0068054682064398	-2.550667233620943	1.061629992179511
3000	-4979.294878364718	-4976.629396792643	-2.665481572075147	-4976.629396792643	1.0442443761929805	-2.665481572075147	1.9042086159540377
