#
#model:
#
#<?xml version="1.0" encoding="UTF-8" standalone="no"?><input id="posterior" spec="beast.core.util.CompoundDistribution">
#    <distribution id="prior" spec="beast.core.util.CompoundDistribution">
#        <distribution id="YuleModel.t:true_alignment" spec="beast.evolution.speciation.YuleModel">
#            <parameter id="birthRate.t:true_alignment" name="birthDiffRate" spec="beast.core.parameter.RealParameter">1.0</parameter>
#            <tree id="Tree.t:true_alignment" spec="beast.evolution.tree.Tree">
#                <taxonset id="TaxonSet.true_alignment" spec="beast.evolution.alignment.TaxonSet">
#                </taxonset>
#            </tree>
#        </distribution>
#        <prior id="YuleBirthRatePrior.t:true_alignment" name="distribution" x="@birthRate.t:true_alignment">
#            <Uniform id="Uniform.100" name="distr" upper="Infinity"/>
#        </prior>
#    </distribution>
#    <distribution id="likelihood" spec="beast.core.util.CompoundDistribution" useThreads="true">
#        <distribution data="@true_alignment" id="treeLikelihood.true_alignment" spec="beast.evolution.likelihood.ThreadedTreeLikelihood" tree="@Tree.t:true_alignment">
#            <siteModel id="SiteModel.s:true_alignment" spec="beast.evolution.sitemodel.SiteModel">
#                <parameter estimate="false" id="mutationRate.s:true_alignment" name="mutationRate" spec="beast.core.parameter.RealParameter">1.0</parameter>
#                <parameter estimate="false" id="gammaShape.s:true_alignment" name="shape" spec="beast.core.parameter.RealParameter">1.0</parameter>
#                <parameter estimate="false" id="proportionInvariant.s:true_alignment" lower="0.0" name="proportionInvariant" spec="beast.core.parameter.RealParameter" upper="1.0">0.0</parameter>
#                <substModel id="JC69.s:true_alignment" spec="beast.evolution.substitutionmodel.JukesCantor"/>
#            </siteModel>
#            <branchRateModel id="StrictClock.c:true_alignment" spec="beast.evolution.branchratemodel.StrictClockModel">
#                <parameter estimate="false" id="clockRate.c:true_alignment" name="clock.rate" spec="beast.core.parameter.RealParameter">1.0</parameter>
#            </branchRateModel>
#        </distribution>
#    </distribution>
#</input>
#
Sample	posterior	likelihood	prior	treeLikelihood	TreeHeight	YuleModel	birthRate
0	-7243.801242870849	-7236.052941658206	-7.748301212643413	-7236.052941658206	2.9953807429821464	-7.748301212643413	1.0
1000	-5867.775813710115	-5864.001062789108	-3.774750921006299	-5864.001062789108	0.9217418401223834	-3.774750921006299	2.1721081035047862
2000	-5869.954008479645	-5867.069417977713	-2.884590501932922	-5867.069417977713	0.8902594064439178	-2.884590501932922	1.561298742964845
3000	-5868.992798870252	-5864.294972757744	-4.697826112507935	-5864.294972757744	0.9197817031174047	-4.697826112507935	2.852100697648366
