#
#model:
#
#<?xml version="1.0" encoding="UTF-8" standalone="no"?><input id="posterior" spec="beast.core.util.CompoundDistribution">
#    <distribution id="prior" spec="beast.core.util.CompoundDistribution">
#        <distribution id="YuleModel.t:twin_alignment" spec="beast.evolution.speciation.YuleModel">
#            <parameter id="birthRate.t:twin_alignment" name="birthDiffRate" spec="beast.core.parameter.RealParameter">1.0</parameter>
#            <tree id="Tree.t:twin_alignment" spec="beast.evolution.tree.Tree">
#                <taxonset id="TaxonSet.twin_alignment" spec="beast.evolution.alignment.TaxonSet">
#                </taxonset>
#            </tree>
#        </distribution>
#        <prior id="YuleBirthRatePrior.t:twin_alignment" name="distribution" x="@birthRate.t:twin_alignment">
#            <Uniform id="Uniform.100" name="distr" upper="Infinity"/>
#        </prior>
#    </distribution>
#    <distribution id="likelihood" spec="beast.core.util.CompoundDistribution" useThreads="true">
#        <distribution data="@twin_alignment" id="treeLikelihood.twin_alignment" spec="beast.evolution.likelihood.ThreadedTreeLikelihood" tree="@Tree.t:twin_alignment">
#            <siteModel id="SiteModel.s:twin_alignment" spec="beast.evolution.sitemodel.SiteModel">
#                <parameter estimate="false" id="mutationRate.s:twin_alignment" name="mutationRate" spec="beast.core.parameter.RealParameter">1.0</parameter>
#                <parameter estimate="false" id="gammaShape.s:twin_alignment" name="shape" spec="beast.core.parameter.RealParameter">1.0</parameter>
#                <parameter estimate="false" id="proportionInvariant.s:twin_alignment" lower="0.0" name="proportionInvariant" spec="beast.core.parameter.RealParameter" upper="1.0">0.0</parameter>
#                <substModel id="JC69.s:twin_alignment" spec="beast.evolution.substitutionmodel.JukesCantor"/>
#            </siteModel>
#            <branchRateModel id="StrictClock.c:twin_alignment" spec="beast.evolution.branchratemodel.StrictClockModel">
#                <parameter estimate="false" id="clockRate.c:twin_alignment" name="clock.rate" spec="beast.core.parameter.RealParameter">1.0</parameter>
#            </branchRateModel>
#        </distribution>
#    </distribution>
#</input>
#
Sample	posterior	likelihood	prior	treeLikelihood	TreeHeight	YuleModel	birthRate
0	-7186.320729771442	-7178.767441789512	-7.55328798192949	-7178.767441789512	2.9953807429821464	-7.55328798192949	1.0
1000	-5812.489046845205	-5807.19790804719	-5.291138798014484	-5807.19790804719	1.01122542518642	-5.291138798014484	3.623752153917155
2000	-5810.689492161308	-5807.905769565843	-2.783722595465157	-5807.905769565843	0.9670727773402616	-2.783722595465157	1.6667489960514261
3000	-5811.146946019948	-5808.862337217453	-2.284608802494293	-5808.862337217453	0.8587706655416041	-2.284608802494293	1.5433225218238493
